        -:    0:Source:C:/Users/munte/CLionProjects/OOP-LAB-6-7BUUUN/Activitate.h
        -:    0:Graph:C:\Users\munte\CLionProjects\OOP-LAB-6-7BUUUN\cmake-build-debug-coverage\CMakeFiles\OOP_LAB_6_7.dir\ActivitateService.cpp.gcno
        -:    0:Data:C:\Users\munte\CLionProjects\OOP-LAB-6-7BUUUN\cmake-build-debug-coverage\CMakeFiles\OOP_LAB_6_7.dir\ActivitateService.cpp.gcda
        -:    0:Runs:1
        -:    1:#pragma once
        -:    2:#include <string>
        -:    3:#include <iostream>
        -:    4:#include <utility>
        -:    5:using std::cout;
        -:    6:using std::string;
        -:    7:using std::exception;
        -:    8:class ActivitateException : public exception{
        -:    9:    string msg;
        -:   10:public:
function _ZN19ActivitateExceptionC1ENSt7__cxx1112basic_stringIcSt11char_traitsIcESaIcEEE called 11 returned 100% blocks executed 100%
       11:   11:    explicit ActivitateException(string msg) : msg{std::move(msg)} {
       11:   11-block  0
call    0 returned 11
call    1 returned 11
call    2 returned 11
       11:   12:    }
function _ZNK19ActivitateException7get_msgB5cxx11Ev called 11 returned 100% blocks executed 100%
       11:   13:    [[nodiscard]] string get_msg() const {
       11:   14:        return msg;
       11:   14-block  0
call    0 returned 11
        -:   15:    }
        -:   16:};
        -:   17:class  Activitate {
        -:   18:private:
        -:   19:    string titlu;
        -:   20:    string descriere;
        -:   21:    string tip;
        -:   22:    int durata;
        -:   23:public:
        -:   24:    [[nodiscard]] string get_titlu() const;
        -:   25:    [[nodiscard]] string get_descriere() const;
        -:   26:    [[nodiscard]] string get_tip() const;
        -:   27:    [[nodiscard]] int get_durata() const;
function _ZN10ActivitateC1Ev called 0 returned 0% blocks executed 0%
    #####:   28:    Activitate()=default;
    %%%%%:   28-block  0
call    0 never executed
call    1 never executed
call    2 never executed
        -:   29:    /**
        -:   30:     * Constructor pentru clasa Activitate.
        -:   31:     * @param titlu
        -:   32:     * @param descriere
        -:   33:     * @param tip
        -:   34:     * @param durata
        -:   35:     */
function _ZN10ActivitateC1ENSt7__cxx1112basic_stringIcSt11char_traitsIcESaIcEEES5_S5_i called 0 returned 0% blocks executed 0%
    #####:   36:    Activitate(string titlu, string descriere,string tip,int durata): titlu{std::move(titlu)},descriere{std::move(descriere)},tip{std::move(tip)},durata{durata}{
    %%%%%:   36-block  0
call    0 never executed
call    1 never executed
call    2 never executed
call    3 never executed
call    4 never executed
call    5 never executed
        -:   37:        ///cout<<"constructor\n";
    #####:   38:    }
        -:   39:
        -:   40:    /**
        -:   41:     * Destructor pentru clasa Activitate.
        -:   42:     */
function _ZN10ActivitateD1Ev called 0 returned 0% blocks executed 0%
    #####:   43:    ~Activitate(){
        -:   44:        ///cout<<"destructor\n";
    #####:   45:    }
    %%%%%:   45-block  0
call    0 never executed
call    1 never executed
call    2 never executed
        -:   46:
        -:   47:    /**
        -:   48:     * Constructor de copiere pentru clasa Activitate.
        -:   49:     * @param ot
        -:   50:     */
function _ZN10ActivitateC1ERKS_ called 4 returned 100% blocks executed 62%
        4:   51:    Activitate(const Activitate& ot): titlu{ot.titlu},descriere{ot.descriere},tip{ot.tip},durata{ot.durata}{
        4:   51-block  0
call    0 returned 4
call    1 returned 4
branch  2 taken 4 (fallthrough)
branch  3 taken 0 (throw)
        4:   51-block  1
call    4 returned 4
branch  5 taken 4 (fallthrough)
branch  6 taken 0 (throw)
        -:   52:        ///cout<<"copy constructor\n";
        4:   53:    }
        4:   53-block  0
    $$$$$:   53-block  1
call    0 never executed
    $$$$$:   53-block  2
call    1 never executed
        -:   54:
function _ZN10ActivitateaSERKS_ called 0 returned 0% blocks executed 0%
    #####:   55:    Activitate& operator=(const Activitate& ot)=default;
    %%%%%:   55-block  0
call    0 never executed
call    1 never executed
call    2 never executed
        -:   56:
        -:   57:    static int validareActivitate(const Activitate& activitate);
        -:   58:};
