        -:    0:Source:C:/Users/munte/CLionProjects/OOP-LAB-6-7BUUUN/vectordinamic.h
        -:    0:Graph:C:\Users\munte\CLionProjects\OOP-LAB-6-7BUUUN\cmake-build-debug-coverage\CMakeFiles\OOP_LAB_6_7.dir\main.cpp.gcno
        -:    0:Data:C:\Users\munte\CLionProjects\OOP-LAB-6-7BUUUN\cmake-build-debug-coverage\CMakeFiles\OOP_LAB_6_7.dir\main.cpp.gcda
        -:    0:Runs:1
        -:    1:#pragma once
        -:    2:template <typename ElementT>
        -:    3:class IteratorVector;
        -:    4:
        -:    5:template <typename ElementT>
        -:    6:class VectorDinamic
        -:    7:{
        -:    8:public:
        -:    9:    /*
        -:   10:    Constructor default
        -:   11:    Alocam loc pentru 5 elemente
        -:   12:    */
        -:   13:    VectorDinamic();
        -:   14:
        -:   15:    /*
        -:   16:    Constructor de copiere
        -:   17:    */
        -:   18:    VectorDinamic(const VectorDinamic& ot); //rule of 3
        -:   19:
        -:   20:    /*
        -:   21:    Eliberam memoria
        -:   22:    */
        -:   23:    ~VectorDinamic();//rule of 3
        -:   24:
        -:   25:    /*
        -:   26:    Operator assgnment
        -:   27:    elibereaza ce era in obiectul curent (this)
        -:   28:    aloca spatiu pentru elemente
        -:   29:    copieaza elementele din ot in this
        -:   30:    */
        -:   31:    VectorDinamic& operator=(const VectorDinamic& ot);//rule of 3
        -:   32:
        -:   33:    /*
        -:   34:    Move constructor
        -:   35:    Apelat daca construim un nou vector dintr-un r-value (ex temporary, expresie de la return)
        -:   36:    Obiectul ot nu se mai foloseste astfel se poate refolosi interiorul lui
        -:   37:    */
        -:   38:    VectorDinamic(VectorDinamic&& ot); //rule of 5
        -:   39:
        -:   40:    /*
        -:   41:    Move assignment
        -:   42:    Similar cu move constructor
        -:   43:    Folosit la assignment
        -:   44:    */
        -:   45:    VectorDinamic& operator=(VectorDinamic&& ot) ; //rule of 5
        -:   46:
        -:   47:
        -:   48:    void add(const ElementT& el);
        -:   49:
        -:   50:    void sterge(int poz);
        -:   51:
        -:   52:    ElementT& get(int poz) const;
        -:   53:
        -:   54:    void set(int poz, const ElementT& el);
        -:   55:
        -:   56:    [[nodiscard]] int size() const noexcept;
        -:   57:
        -:   58:    friend class IteratorVector<ElementT>;
        -:   59:    //functii care creaza iteratori
        -:   60:    IteratorVector<ElementT> begin();
        -:   61:    IteratorVector<ElementT> end();
        -:   62:
        -:   63:
        -:   64:private:
        -:   65:    int lg;//numar elemente
        -:   66:    int cap;//capacitate
        -:   67:    ElementT* elems;//elemente
        -:   68:
        -:   69:    void ensureCapacity();
        -:   70:};
        -:   71:
        -:   72:/*
        -:   73:Constructor default
        -:   74:Alocam loc pentru 5 elemente
        -:   75:*/
        -:   76:template<typename ElementT>
function _ZN13VectorDinamicI10ActivitateEC1Ev called 25 returned 100% blocks executed 100%
      150:   77:VectorDinamic<ElementT>::VectorDinamic() :elems{ new ElementT[5] }, cap{ 5 }, lg{ 0 } {}
       25:   77-block  0
call    0 returned 25
      125:   77-block  1
call    1 returned 125
      150:   77-block  2
branch  2 taken 125
branch  3 taken 25 (fallthrough)
        -:   78:
        -:   79:/*
        -:   80:Constructor de copiere
        -:   81:Obiectul current (this) acum se creaza
        -:   82:aloca spatiu pentru elemente
        -:   83:copieaza elementele din ot in this
        -:   84:*/
        -:   85:template<typename ElementT>
function _ZN13VectorDinamicI10ActivitateEC1ERKS1_ called 21 returned 100% blocks executed 92%
       21:   86:VectorDinamic<ElementT>::VectorDinamic(const VectorDinamic<ElementT>& ot) {
     591*:   87:    elems = new ElementT[ot.cap];
       21:   87-block  0
branch  0 taken 21 (fallthrough)
branch  1 taken 0
       21:   87-block  1
    %%%%%:   87-block  2
       21:   87-block  3
call    2 returned 21
      570:   87-block  4
call    3 returned 570
      591:   87-block  5
branch  4 taken 570
branch  5 taken 21 (fallthrough)
        -:   88:    //copiez elementele
      334:   89:    for (int i = 0; i < ot.lg; i++) {
       21:   89-block  0
      334:   89-block  1
branch  0 taken 313
branch  1 taken 21 (fallthrough)
      313:   90:        elems[i] = ot.elems[i];  //assignment din Pet
      313:   90-block  0
call    0 returned 313
        -:   91:    }
       21:   92:    lg = ot.lg;
       21:   93:    cap = ot.cap;
       21:   94:}
        -:   95:
        -:   96:/*
        -:   97:Operator assgnment
        -:   98:elibereaza ce era in obiectul curent (this)
        -:   99:aloca spatiu pentru elemente
        -:  100:copieaza elementele din ot in this
        -:  101:*/
        -:  102:template<typename ElementT>
function _ZN13VectorDinamicI10ActivitateEaSERKS1_ called 2 returned 100% blocks executed 95%
        2:  103:VectorDinamic<ElementT>& VectorDinamic<ElementT>::operator=(const VectorDinamic<ElementT>& ot) {
        2:  104:    if (this == &ot) {
        2:  104-block  0
branch  0 taken 1 (fallthrough)
branch  1 taken 1
        1:  105:        return *this;//s-a facut l=l;
        1:  105-block  0
        -:  106:    }
        6:  107:    delete[] elems;
        1:  107-block  0
branch  0 taken 1 (fallthrough)
branch  1 taken 0
        1:  107-block  1
        6:  107-block  2
branch  2 taken 5 (fallthrough)
branch  3 taken 1
        5:  107-block  3
call    4 returned 5
        1:  107-block  4
call    5 returned 1
     161*:  108:    elems = new ElementT[ot.cap];
        1:  108-block  0
branch  0 taken 1 (fallthrough)
branch  1 taken 0
        1:  108-block  1
    %%%%%:  108-block  2
        1:  108-block  3
call    2 returned 1
      160:  108-block  4
call    3 returned 160
      161:  108-block  5
branch  4 taken 160
branch  5 taken 1 (fallthrough)
        -:  109:    //copiez elementele
      101:  110:    for (int i = 0; i < ot.lg; i++) {
        1:  110-block  0
      101:  110-block  1
branch  0 taken 100
branch  1 taken 1 (fallthrough)
      100:  111:        elems[i] = ot.elems[i];  //assignment din Pet
      100:  111-block  0
call    0 returned 100
        -:  112:    }
        1:  113:    lg = ot.lg;
        1:  114:    cap = ot.cap;
        1:  115:    return *this;
        1:  115-block  0
        -:  116:}
        -:  117:
        -:  118:/*
        -:  119:Eliberam memoria
        -:  120:*/
        -:  121:template<typename ElementT>
function _ZN13VectorDinamicI10ActivitateED1Ev called 50 returned 100% blocks executed 100%
       50:  122:VectorDinamic<ElementT>::~VectorDinamic() {
     1505:  123:    delete[] elems;
       50:  123-block  0
branch  0 taken 43 (fallthrough)
branch  1 taken 7
       43:  123-block  1
     1498:  123-block  2
branch  2 taken 1455 (fallthrough)
branch  3 taken 43
     1455:  123-block  3
call    4 returned 1455
       43:  123-block  4
call    5 returned 43
       50:  124:}
        -:  125:
        -:  126:
        -:  127:/*
        -:  128:Move constructor
        -:  129:Apelat daca construim un nou vector dintr-un r-value (ex temporary)
        -:  130:Obiectul ot nu se mai foloseste astfel se poate refolosi interiorul lui
        -:  131:*/
        -:  132:template<typename ElementT>
function _ZN13VectorDinamicI10ActivitateEC1EOS1_ called 4 returned 100% blocks executed 100%
        4:  133:VectorDinamic<ElementT>::VectorDinamic(VectorDinamic&& ot) {
        -:  134:    // Copy the data pointer from other
        4:  135:    elems = ot.elems;
        4:  136:    lg = ot.lg;
        4:  137:    cap = ot.cap;
        -:  138:
        -:  139:    // Release the data pointer from the source object so that
        -:  140:    // the destructor does not free the memory multiple times.
        4:  141:    ot.elems = nullptr;
        4:  142:    ot.lg = 0;
        4:  143:    ot.cap = 0;
        4:  144:}
        -:  145:
        -:  146:/*
        -:  147:Move assignment
        -:  148:Similar cu move constructor
        -:  149:Folosit la assignment
        -:  150:Elibereaza ce continea obiectul curent (this)
        -:  151:"fura" interiorul lui ot
        -:  152:pregateste ot pentru distrugere
        -:  153:*/
        -:  154:template<typename ElementT>
function _ZN13VectorDinamicI10ActivitateEaSEOS1_ called 4 returned 100% blocks executed 100%
        4:  155:VectorDinamic<ElementT>& VectorDinamic<ElementT>::operator=(VectorDinamic<ElementT>&& ot) {
        4:  156:    if (this == &ot) {
        4:  156-block  0
branch  0 taken 1 (fallthrough)
branch  1 taken 3
        1:  157:        return *this;
        1:  157-block  0
        -:  158:    }
       93:  159:    delete[] elems;
        3:  159-block  0
branch  0 taken 3 (fallthrough)
branch  1 taken 0
        3:  159-block  1
       93:  159-block  2
branch  2 taken 90 (fallthrough)
branch  3 taken 3
       90:  159-block  3
call    4 returned 90
        3:  159-block  4
call    5 returned 3
        -:  160:    // Copy the data pointer from other
        3:  161:    elems = ot.elems;
        3:  162:    lg = ot.lg;
        3:  163:    cap = ot.cap;
        -:  164:
        -:  165:    // Release the data pointer from the source object so that
        -:  166:    // the destructor does not free the memory multiple times.
        3:  167:    ot.elems = nullptr;
        3:  168:    ot.lg = 0;
        3:  169:    ot.cap = 0;
        3:  170:    return *this;
        3:  170-block  0
        -:  171:}
        -:  172:
        -:  173:template<typename ElementT>
function _ZN13VectorDinamicI10ActivitateE6stergeEi called 3 returned 100% blocks executed 100%
        3:  174:void VectorDinamic<ElementT>::sterge(int poz) {
       52:  175:    for (int i = poz; i < lg - 1; i++) {
        3:  175-block  0
       52:  175-block  1
branch  0 taken 49
branch  1 taken 3 (fallthrough)
       49:  176:        elems[i] = elems[i + 1];
       49:  176-block  0
call    0 returned 49
        -:  177:    }
        3:  178:    lg--;
        3:  179:}
        -:  180:
        -:  181:
        -:  182:template<typename ElementT>
function _ZN13VectorDinamicI10ActivitateE3addERKS0_ called 477 returned 100% blocks executed 100%
      477:  183:void VectorDinamic<ElementT>::add(const ElementT& el) {
      477:  184:    ensureCapacity();//daca e nevoie mai alocam memorie
      477:  184-block  0
call    0 returned 477
      477:  185:    elems[lg++] = el;
call    0 returned 477
      477:  186:}
        -:  187:
        -:  188:template<typename ElementT>
function _ZNK13VectorDinamicI10ActivitateE3getEi called 76 returned 100% blocks executed 100%
       76:  189:ElementT& VectorDinamic<ElementT>::get(int poz) const {
       76:  190:    return elems[poz];
       76:  190-block  0
        -:  191:}
        -:  192:
        -:  193:template<typename ElementT>
        -:  194:void VectorDinamic<ElementT>::set(int poz, const ElementT& el) {
        -:  195:    elems[poz] = el;
        -:  196:}
        -:  197:
        -:  198:template<typename ElementT>
function _ZNK13VectorDinamicI10ActivitateE4sizeEv called 74 returned 100% blocks executed 100%
       74:  199:int VectorDinamic<ElementT>::size() const noexcept {
       74:  200:    return lg;
       74:  200-block  0
        -:  201:}
        -:  202:
        -:  203:template<typename ElementT>
function _ZN13VectorDinamicI10ActivitateE14ensureCapacityEv called 477 returned 100% blocks executed 95%
      477:  204:void VectorDinamic<ElementT>::ensureCapacity() {
      477:  205:    if (lg < cap) {
      477:  205-block  0
branch  0 taken 453 (fallthrough)
branch  1 taken 24
      453:  206:        return; //mai avem loc
      453:  206-block  0
        -:  207:    }
       24:  208:    cap *= 2;
    1414*:  209:    ElementT* aux = new ElementT[cap];
       24:  209-block  0
branch  0 taken 24 (fallthrough)
branch  1 taken 0
       24:  209-block  1
    %%%%%:  209-block  2
       24:  209-block  3
call    2 returned 24
     1390:  209-block  4
call    3 returned 1390
     1414:  209-block  5
branch  4 taken 1390
branch  5 taken 24 (fallthrough)
      719:  210:    for (int i = 0; i < lg; i++) {
       24:  210-block  0
      719:  210-block  1
branch  0 taken 695
branch  1 taken 24 (fallthrough)
      695:  211:        aux[i] = elems[i];
      695:  211-block  0
call    0 returned 695
        -:  212:    }
      719:  213:    delete[] elems;
       24:  213-block  0
branch  0 taken 24 (fallthrough)
branch  1 taken 0
       24:  213-block  1
      719:  213-block  2
branch  2 taken 695 (fallthrough)
branch  3 taken 24
      695:  213-block  3
call    4 returned 695
       24:  213-block  4
call    5 returned 24
       24:  214:    elems = aux;
       24:  214-block  0
        -:  215:}
        -:  216:
        -:  217:template<typename ElementT>
        -:  218:IteratorVector<ElementT> VectorDinamic<ElementT>::begin()
        -:  219:{
        -:  220:    return IteratorVector<ElementT>(*this);
        -:  221:}
        -:  222:
        -:  223:template<typename ElementT>
        -:  224:IteratorVector<ElementT> VectorDinamic<ElementT>::end()
        -:  225:{
        -:  226:    return IteratorVector<ElementT>(*this, lg);
        -:  227:}
        -:  228:
        -:  229:template<typename ElementT>
        -:  230:class IteratorVector {
        -:  231:private:
        -:  232:    const VectorDinamic<ElementT>& v;
        -:  233:    int poz = 0;
        -:  234:public:
        -:  235:    IteratorVector(const VectorDinamic<ElementT>& v) noexcept;
        -:  236:    IteratorVector(const VectorDinamic<ElementT>& v, int poz)noexcept;
        -:  237:    bool valid()const;
        -:  238:    ElementT& element() const;
        -:  239:    void next();
        -:  240:    ElementT& operator*();
        -:  241:    IteratorVector& operator++();
        -:  242:    bool operator==(const IteratorVector& ot)noexcept;
        -:  243:    bool operator!=(const IteratorVector& ot)noexcept;
        -:  244:};
        -:  245:
        -:  246:template<typename ElementT>
        -:  247:IteratorVector<ElementT>::IteratorVector(const VectorDinamic<ElementT>& v) noexcept:v{v } {}
        -:  248:
        -:  249:template<typename ElementT>
        -:  250:IteratorVector<ElementT>::IteratorVector(const VectorDinamic<ElementT>& v, int poz)noexcept : v{v }, poz{poz } {}
        -:  251:
        -:  252:template<typename ElementT>
        -:  253:bool IteratorVector<ElementT>::valid()const {
        -:  254:    return poz < v.lg;
        -:  255:}
        -:  256:
        -:  257:template<typename ElementT>
        -:  258:ElementT& IteratorVector<ElementT>::element() const {
        -:  259:    return v.elems[poz];
        -:  260:}
        -:  261:
        -:  262:template<typename ElementT>
        -:  263:void IteratorVector<ElementT>::next() {
        -:  264:    poz++;
        -:  265:}
        -:  266:
        -:  267:template<typename ElementT>
        -:  268:ElementT& IteratorVector<ElementT>::operator*() {
        -:  269:    return element();
        -:  270:}
        -:  271:
        -:  272:template<typename ElementT>
        -:  273:IteratorVector<ElementT>& IteratorVector<ElementT>::operator++() {
        -:  274:    next();
        -:  275:    return *this;
        -:  276:}
        -:  277:
        -:  278:template<typename ElementT>
        -:  279:bool IteratorVector<ElementT>::operator==(const IteratorVector<ElementT>& ot) noexcept {
        -:  280:    return poz == ot.poz;
        -:  281:}
        -:  282:
        -:  283:template<typename ElementT>
        -:  284:bool IteratorVector<ElementT>::operator!=(const IteratorVector<ElementT>& ot)noexcept {
        -:  285:    return !(*this == ot);
        -:  286:}
        -:  287:
