        -:    0:Source:C:/Users/munte/CLionProjects/OOP-LAB-6-7BUUUN/ui.h
        -:    0:Graph:C:\Users\munte\CLionProjects\OOP-LAB-6-7BUUUN\cmake-build-debug-coverage\CMakeFiles\OOP_LAB_6_7.dir\main.cpp.gcno
        -:    0:Data:C:\Users\munte\CLionProjects\OOP-LAB-6-7BUUUN\cmake-build-debug-coverage\CMakeFiles\OOP_LAB_6_7.dir\main.cpp.gcda
        -:    0:Runs:1
        -:    1:#pragma once
        -:    2:#include "ActivitateService.h"
        -:    3:class ui {
        -:    4:    ActivitateService serv;
        -:    5:public:
function _ZN2uiC1ERK17ActivitateService called 1 returned 100% blocks executed 100%
        1:    6:    explicit ui(const ActivitateService& serv): serv{serv}{
        1:    6-block  0
call    0 returned 1
        1:    7:    }
        -:    8:    void run();
        -:    9:
        -:   10:    void adaugaActivitate();
        -:   11:
        -:   12:    void stergeActivitate();
        -:   13:
        -:   14:    void actualizeazaActivitate();
        -:   15:
        -:   16:    void afiseazaActivitati();
        -:   17:
        -:   18:    void afiseazaActivitatiFiltrate();
        -:   19:
        -:   20:    void afiseazaActivitatiSortate();
        -:   21:
        -:   22:    void uiCautare();
        -:   23:
        -:   24:};
        -:   25:
        -:   26:
        -:   27:
